  fluid.cpp
D:\vscode\learnopengl\fluid\fluid.cpp(17,82): warning C4305: “参数”: 从“double”到“float”截断
D:\vscode\learnopengl\fluid\fluid.cpp(18,23): warning C4018: “<”: 有符号/无符号不匹配
D:\vscode\learnopengl\fluid\fluid.cpp(87,23): warning C4018: “<”: 有符号/无符号不匹配
D:\vscode\learnopengl\fluid\fluid.cpp(93,23): warning C4018: “<”: 有符号/无符号不匹配
D:\vscode\learnopengl\fluid\fluid.cpp(99,23): warning C4018: “<”: 有符号/无符号不匹配
D:\vscode\learnopengl\fluid\fluid.cpp(112,23): warning C4018: “<”: 有符号/无符号不匹配
D:\vscode\learnopengl\fluid\fluid.cpp(128,23): warning C4018: “<”: 有符号/无符号不匹配
D:\vscode\learnopengl\fluid\fluid.cpp(139,23): warning C4018: “<”: 有符号/无符号不匹配
D:\vscode\learnopengl\fluid\fluid.cpp(149,23): warning C4018: “<”: 有符号/无符号不匹配
D:\vscode\learnopengl\fluid\fluid.cpp(163,23): warning C4018: “<”: 有符号/无符号不匹配
D:\vscode\learnopengl\fluid\fluid.cpp(170,23): warning C4018: “<”: 有符号/无符号不匹配
D:\vscode\learnopengl\fluid\fluid.cpp(264,64): warning C4244: “return”: 从“double”转换到“float”，可能丢失数据
D:\vscode\learnopengl\fluid\fluid.cpp(272,36): warning C4244: “参数”: 从“double”转换到“const float”，可能丢失数据
D:\vscode\learnopengl\fluid\fluid.cpp(280,113): warning C4244: “return”: 从“double”转换到“float”，可能丢失数据
D:\vscode\learnopengl\fluid\fluid.cpp(288,63): warning C4244: “参数”: 从“double”转换到“const float”，可能丢失数据
D:\vscode\learnopengl\fluid\fluid.cpp(290,47): warning C4244: “参数”: 从“double”转换到“const float”，可能丢失数据
D:\vscode\learnopengl\fluid\fluid.cpp(298,58): warning C4244: “return”: 从“double”转换到“float”，可能丢失数据
  main.cpp
  particle.cpp
  正在生成代码...
  fluid.vcxproj -> D:\vscode\learnopengl\bin\fluid.exe
